<?xml version="1.0" encoding="UTF-8"?>
<testng-results skipped="0" failed="0" total="1" passed="1">
  <reporter-output>
  </reporter-output>
  <suite name="Suite" duration-ms="44241" started-at="2022-09-20T18:46:13Z" finished-at="2022-09-20T18:46:57Z">
    <groups>
      <group name="Sanity">
        <method signature="MavenpracticeTest.step1()[pri:0, instance:org.Zurich_Practice.MavenpracticeTest@5ccddd20]" name="step1" class="org.Zurich_Practice.MavenpracticeTest"/>
      </group> <!-- Sanity -->
    </groups>
    <test name="Test" duration-ms="44241" started-at="2022-09-20T18:46:13Z" finished-at="2022-09-20T18:46:57Z">
      <class name="org.Zurich_Practice.MavenpracticeTest">
        <test-method status="PASS" signature="step1()[pri:0, instance:org.Zurich_Practice.MavenpracticeTest@5ccddd20]" name="step1" duration-ms="44200" started-at="2022-09-20T14:46:13Z" finished-at="2022-09-20T14:46:57Z">
          <reporter-output>
          </reporter-output>
        </test-method> <!-- step1 -->
      </class> <!-- org.Zurich_Practice.MavenpracticeTest -->
    </test> <!-- Test -->
  </suite> <!-- Suite -->
</testng-results>
