<?xml version="1.0" encoding="UTF-8"?>
<testng-results skipped="0" failed="0" ignored="0" total="1" passed="1">
  <reporter-output>
  </reporter-output>
  <suite name="Default suite" duration-ms="55358" started-at="2022-09-20T13:11:25 EDT" finished-at="2022-09-20T13:12:21 EDT">
    <groups>
      <group name="Sanity">
        <method signature="MavenpracticeTest.step1()[pri:0, instance:org.Zurich_Practice.MavenpracticeTest@74a10858]" name="step1" class="org.Zurich_Practice.MavenpracticeTest"/>
      </group> <!-- Sanity -->
    </groups>
    <test name="Default test" duration-ms="55358" started-at="2022-09-20T13:11:25 EDT" finished-at="2022-09-20T13:12:21 EDT">
      <class name="org.Zurich_Practice.MavenpracticeTest">
        <test-method status="PASS" signature="step1()[pri:0, instance:org.Zurich_Practice.MavenpracticeTest@74a10858]" name="step1" duration-ms="55273" started-at="2022-09-20T13:11:25 EDT" finished-at="2022-09-20T13:12:21 EDT">
          <reporter-output>
          </reporter-output>
        </test-method> <!-- step1 -->
      </class> <!-- org.Zurich_Practice.MavenpracticeTest -->
    </test> <!-- Default test -->
  </suite> <!-- Default suite -->
</testng-results>
